[debug] [2026-01-03T10:04:24.633Z] ----------------------------------------------------------------------
[debug] [2026-01-03T10:04:24.635Z] Command:       C:\Program Files\nodejs\node.exe C:\Users\aryan\AppData\Roaming\npm\node_modules\firebase-tools\lib\bin\firebase.js deploy
[debug] [2026-01-03T10:04:24.636Z] CLI Version:   15.1.0
[debug] [2026-01-03T10:04:24.636Z] Platform:      win32
[debug] [2026-01-03T10:04:24.636Z] Node Version:  v24.11.0
[debug] [2026-01-03T10:04:24.636Z] Time:          Sat Jan 03 2026 15:34:24 GMT+0530 (India Standard Time)
[debug] [2026-01-03T10:04:24.636Z] ----------------------------------------------------------------------
[debug] 
[debug] [2026-01-03T10:04:27.351Z] > command requires scopes: ["email","openid","https://www.googleapis.com/auth/cloudplatformprojects.readonly","https://www.googleapis.com/auth/firebase","https://www.googleapis.com/auth/cloud-platform"]
[debug] [2026-01-03T10:04:27.351Z] > authorizing via signed-in user (aryansom80@gmail.com)
[debug] [2026-01-03T10:04:27.351Z] [iam] checking project openroot-web for permissions ["firebase.projects.get","firebasehosting.sites.update"]
[debug] [2026-01-03T10:04:27.352Z] Checked if tokens are valid: false, expires at: 1767376485767
[debug] [2026-01-03T10:04:27.352Z] Checked if tokens are valid: false, expires at: 1767376485767
[debug] [2026-01-03T10:04:27.352Z] > refreshing access token with scopes: []
[debug] [2026-01-03T10:04:27.354Z] >>> [apiv2][query] POST https://www.googleapis.com/oauth2/v3/token [none]
[debug] [2026-01-03T10:04:27.354Z] >>> [apiv2][body] POST https://www.googleapis.com/oauth2/v3/token [omitted]
[debug] [2026-01-03T10:04:27.821Z] <<< [apiv2][status] POST https://www.googleapis.com/oauth2/v3/token 200
[debug] [2026-01-03T10:04:27.822Z] <<< [apiv2][body] POST https://www.googleapis.com/oauth2/v3/token [omitted]
[debug] [2026-01-03T10:04:27.840Z] >>> [apiv2][query] POST https://cloudresourcemanager.googleapis.com/v1/projects/openroot-web:testIamPermissions [none]
[debug] [2026-01-03T10:04:27.840Z] >>> [apiv2][(partial)header] POST https://cloudresourcemanager.googleapis.com/v1/projects/openroot-web:testIamPermissions x-goog-quota-user=projects/openroot-web
[debug] [2026-01-03T10:04:27.840Z] >>> [apiv2][body] POST https://cloudresourcemanager.googleapis.com/v1/projects/openroot-web:testIamPermissions {"permissions":["firebase.projects.get","firebasehosting.sites.update"]}
[debug] [2026-01-03T10:04:29.829Z] <<< [apiv2][status] POST https://cloudresourcemanager.googleapis.com/v1/projects/openroot-web:testIamPermissions 200
[debug] [2026-01-03T10:04:29.829Z] <<< [apiv2][body] POST https://cloudresourcemanager.googleapis.com/v1/projects/openroot-web:testIamPermissions {}
[debug] [2026-01-03T10:04:29.829Z] [iam] error while checking permissions, command may fail: Authorization failed. This account is missing the following required permissions on project openroot-web:

  firebase.projects.get
  firebasehosting.sites.update
[debug] [2026-01-03T10:04:29.830Z] Checked if tokens are valid: true, expires at: 1767438266822
[debug] [2026-01-03T10:04:29.830Z] Checked if tokens are valid: true, expires at: 1767438266822
[debug] [2026-01-03T10:04:29.830Z] >>> [apiv2][query] GET https://firebase.googleapis.com/v1beta1/projects/openroot-web [none]
[debug] [2026-01-03T10:04:30.861Z] <<< [apiv2][status] GET https://firebase.googleapis.com/v1beta1/projects/openroot-web 403
[debug] [2026-01-03T10:04:30.862Z] <<< [apiv2][body] GET https://firebase.googleapis.com/v1beta1/projects/openroot-web {"error":{"code":403,"message":"The caller does not have permission","status":"PERMISSION_DENIED"}}
[debug] [2026-01-03T10:04:30.862Z] Request to https://firebase.googleapis.com/v1beta1/projects/openroot-web had HTTP Error: 403, The caller does not have permission
[debug] [2026-01-03T10:04:31.352Z] FirebaseError: Request to https://firebase.googleapis.com/v1beta1/projects/openroot-web had HTTP Error: 403, The caller does not have permission
    at responseToError (C:\Users\aryan\AppData\Roaming\npm\node_modules\firebase-tools\lib\responseToError.js:53:12)
    at RetryOperation._fn (C:\Users\aryan\AppData\Roaming\npm\node_modules\firebase-tools\lib\apiv2.js:322:77)
    at process.processTicksAndRejections (node:internal/process/task_queues:105:5)
[error] 
[error] Error: Failed to get Firebase project openroot-web. Please make sure the project exists and your account has permission to access it.
